2021-07-08 00:44:09,829:INFO restartedMain (StartupInfoLogger.java:55) - Starting VpythontechApplication on ARON-OMG-HEIHEI with PID 18004 (D:\Idea\workspace\vpythontech\target\classes started by aron in D:\Idea\workspace\vpythontech)
2021-07-08 00:44:09,870:INFO restartedMain (SpringApplication.java:655) - The following profiles are active: constants
2021-07-08 00:44:09,912:INFO restartedMain (DeferredLog.java:225) - Devtools property defaults active! Set 'spring.devtools.add-properties' to 'false' to disable
2021-07-08 00:44:09,912:INFO restartedMain (DeferredLog.java:225) - For additional web related logging consider setting the 'logging.level.web' property to 'DEBUG'
2021-07-08 00:44:10,562:INFO restartedMain (RepositoryConfigurationDelegate.java:127) - Bootstrapping Spring Data JPA repositories in DEFERRED mode.
2021-07-08 00:44:10,591:INFO restartedMain (RepositoryConfigurationDelegate.java:187) - Finished Spring Data repository scanning in 19ms. Found 0 JPA repository interfaces.
2021-07-08 00:44:10,810:INFO restartedMain (PostProcessorRegistrationDelegate.java:335) - Bean 'shiroConfig' of type [com.aron.vpythontech.config.ShiroConfig$$EnhancerBySpringCGLIB$$e5e6f41d] is not eligible for getting processed by all BeanPostProcessors (for example: not eligible for auto-proxying)
2021-07-08 00:44:11,005:INFO restartedMain (PostProcessorRegistrationDelegate.java:335) - Bean 'mybatis-plus-com.baomidou.mybatisplus.autoconfigure.MybatisPlusProperties' of type [com.baomidou.mybatisplus.autoconfigure.MybatisPlusProperties] is not eligible for getting processed by all BeanPostProcessors (for example: not eligible for auto-proxying)
2021-07-08 00:44:11,016:INFO restartedMain (PostProcessorRegistrationDelegate.java:335) - Bean 'druidConfig' of type [com.aron.vpythontech.config.DruidConfig$$EnhancerBySpringCGLIB$$3a8d578e] is not eligible for getting processed by all BeanPostProcessors (for example: not eligible for auto-proxying)
2021-07-08 00:44:11,026:INFO restartedMain (PostProcessorRegistrationDelegate.java:335) - Bean 'paginationInterceptor' of type [com.baomidou.mybatisplus.extension.plugins.PaginationInterceptor] is not eligible for getting processed by all BeanPostProcessors (for example: not eligible for auto-proxying)
2021-07-08 00:44:11,031:INFO restartedMain (PostProcessorRegistrationDelegate.java:335) - Bean 'com.baomidou.mybatisplus.autoconfigure.MybatisPlusAutoConfiguration' of type [com.baomidou.mybatisplus.autoconfigure.MybatisPlusAutoConfiguration$$EnhancerBySpringCGLIB$$8a3cc094] is not eligible for getting processed by all BeanPostProcessors (for example: not eligible for auto-proxying)
2021-07-08 00:44:11,078:INFO restartedMain (PostProcessorRegistrationDelegate.java:335) - Bean 'dataSource' of type [com.alibaba.druid.pool.DruidDataSource] is not eligible for getting processed by all BeanPostProcessors (for example: not eligible for auto-proxying)
2021-07-08 00:44:15,265:INFO restartedMain (Log4j2Impl.java:106) - {dataSource-1} inited
2021-07-08 00:44:15,309:INFO restartedMain (PostProcessorRegistrationDelegate.java:335) - Bean 'sqlSessionFactory' of type [org.apache.ibatis.session.defaults.DefaultSqlSessionFactory] is not eligible for getting processed by all BeanPostProcessors (for example: not eligible for auto-proxying)
2021-07-08 00:44:15,312:INFO restartedMain (PostProcessorRegistrationDelegate.java:335) - Bean 'sqlSessionTemplate' of type [org.mybatis.spring.SqlSessionTemplate] is not eligible for getting processed by all BeanPostProcessors (for example: not eligible for auto-proxying)
2021-07-08 00:44:15,313:INFO restartedMain (PostProcessorRegistrationDelegate.java:335) - Bean 'systemUserDao' of type [org.mybatis.spring.mapper.MapperFactoryBean] is not eligible for getting processed by all BeanPostProcessors (for example: not eligible for auto-proxying)
2021-07-08 00:44:15,315:INFO restartedMain (PostProcessorRegistrationDelegate.java:335) - Bean 'systemUserDao' of type [com.sun.proxy.$Proxy67] is not eligible for getting processed by all BeanPostProcessors (for example: not eligible for auto-proxying)
2021-07-08 00:44:15,316:INFO restartedMain (PostProcessorRegistrationDelegate.java:335) - Bean 'systemUserService' of type [com.aron.vpythontech.service.systemUser.SystemUserService] is not eligible for getting processed by all BeanPostProcessors (for example: not eligible for auto-proxying)
2021-07-08 00:44:15,316:INFO restartedMain (PostProcessorRegistrationDelegate.java:335) - Bean 'quesBankRealm' of type [com.aron.vpythontech.shiro.realm.QuesBankRealm] is not eligible for getting processed by all BeanPostProcessors (for example: not eligible for auto-proxying)
2021-07-08 00:44:15,321:INFO restartedMain (PostProcessorRegistrationDelegate.java:335) - Bean 'securityManager' of type [org.apache.shiro.web.mgt.DefaultWebSecurityManager] is not eligible for getting processed by all BeanPostProcessors (for example: not eligible for auto-proxying)
2021-07-08 00:44:15,356:INFO restartedMain (PostProcessorRegistrationDelegate.java:335) - Bean 'authorizationAttributeSourceAdvisor' of type [org.apache.shiro.spring.security.interceptor.AuthorizationAttributeSourceAdvisor] is not eligible for getting processed by all BeanPostProcessors (for example: not eligible for auto-proxying)
2021-07-08 00:44:15,737:INFO restartedMain (TomcatWebServer.java:108) - Tomcat initialized with port(s): 8077 (http)
2021-07-08 00:44:15,748:INFO restartedMain (DirectJDKLog.java:173) - Initializing ProtocolHandler ["http-nio-8077"]
2021-07-08 00:44:15,748:INFO restartedMain (DirectJDKLog.java:173) - Starting service [Tomcat]
2021-07-08 00:44:15,748:INFO restartedMain (DirectJDKLog.java:173) - Starting Servlet engine: [Apache Tomcat/9.0.37]
2021-07-08 00:44:15,929:INFO restartedMain (DirectJDKLog.java:173) - Initializing Spring embedded WebApplicationContext
2021-07-08 00:44:15,930:INFO restartedMain (ServletWebServerApplicationContext.java:285) - Root WebApplicationContext: initialization completed in 6017 ms
2021-07-08 00:44:16,072:INFO restartedMain (ExecutorConfigurationSupport.java:181) - Initializing ExecutorService 'applicationTaskExecutor'
2021-07-08 00:44:16,137:INFO task-1 (LogHelper.java:31) - HHH000204: Processing PersistenceUnitInfo [name: default]
2021-07-08 00:44:16,205:INFO task-1 (Version.java:44) - HHH000412: Hibernate ORM core version 5.4.18.Final
2021-07-08 00:44:16,213:WARN restartedMain (JpaBaseConfiguration.java:220) - spring.jpa.open-in-view is enabled by default. Therefore, database queries may be performed during view rendering. Explicitly configure spring.jpa.open-in-view to disable this warning
2021-07-08 00:44:16,419:INFO task-1 (JavaReflectionManager.java:49) - HCANN000001: Hibernate Commons Annotations {5.1.0.Final}
2021-07-08 00:44:16,580:INFO task-1 (Dialect.java:172) - HHH000400: Using dialect: org.hibernate.dialect.MySQL57Dialect
2021-07-08 00:44:16,812:INFO task-1 (JtaPlatformInitiator.java:52) - HHH000490: Using JtaPlatform implementation: [org.hibernate.engine.transaction.jta.platform.internal.NoJtaPlatform]
2021-07-08 00:44:16,825:INFO task-1 (AbstractEntityManagerFactoryBean.java:416) - Initialized JPA EntityManagerFactory for persistence unit 'default'
2021-07-08 00:44:16,952:INFO restartedMain (OptionalLiveReloadServer.java:58) - LiveReload server is running on port 35729
2021-07-08 00:44:16,991:INFO restartedMain (DirectJDKLog.java:173) - Starting ProtocolHandler ["http-nio-8077"]
2021-07-08 00:44:17,030:INFO restartedMain (TomcatWebServer.java:220) - Tomcat started on port(s): 8077 (http) with context path '/vpythonTech'
2021-07-08 00:44:17,033:INFO restartedMain (DeferredRepositoryInitializationListener.java:49) - Triggering deferred initialization of Spring Data repositories…
2021-07-08 00:44:17,033:INFO restartedMain (DeferredRepositoryInitializationListener.java:53) - Spring Data repositories initialized!
2021-07-08 00:44:17,044:INFO restartedMain (StartupInfoLogger.java:61) - Started VpythontechApplication in 7.638 seconds (JVM running for 11.5)
2021-07-08 00:44:17,047:INFO restartedMain (VpythontechApplication.java:16) - [~~~乾杯~~梦想已在路上~~ (^_^)／★＼(^_^) ~~道路已在脚下~~乾杯~~~]
2021-07-08 00:44:21,858:INFO http-nio-8077-exec-1 (DirectJDKLog.java:173) - Initializing Spring DispatcherServlet 'dispatcherServlet'
2021-07-08 00:44:21,858:INFO http-nio-8077-exec-1 (FrameworkServlet.java:525) - Initializing Servlet 'dispatcherServlet'
2021-07-08 00:44:21,868:INFO http-nio-8077-exec-1 (FrameworkServlet.java:547) - Completed initialization in 10 ms
2021-07-08 00:44:54,055:INFO Thread-23 (AbstractEntityManagerFactoryBean.java:598) - Closing JPA EntityManagerFactory for persistence unit 'default'
2021-07-08 00:44:54,075:INFO Thread-23 (ExecutorConfigurationSupport.java:218) - Shutting down ExecutorService 'applicationTaskExecutor'
2021-07-08 00:44:54,097:INFO Thread-23 (Log4j2Impl.java:106) - {dataSource-1} closed
2021-07-08 00:44:54,603:INFO restartedMain (StartupInfoLogger.java:55) - Starting VpythontechApplication on ARON-OMG-HEIHEI with PID 18004 (D:\Idea\workspace\vpythontech\target\classes started by aron in D:\Idea\workspace\vpythontech)
2021-07-08 00:44:54,605:INFO restartedMain (SpringApplication.java:655) - The following profiles are active: constants
2021-07-08 00:44:54,970:INFO restartedMain (RepositoryConfigurationDelegate.java:127) - Bootstrapping Spring Data JPA repositories in DEFERRED mode.
2021-07-08 00:44:54,982:INFO restartedMain (RepositoryConfigurationDelegate.java:187) - Finished Spring Data repository scanning in 12ms. Found 0 JPA repository interfaces.
2021-07-08 00:44:55,035:INFO restartedMain (PostProcessorRegistrationDelegate.java:335) - Bean 'shiroConfig' of type [com.aron.vpythontech.config.ShiroConfig$$EnhancerBySpringCGLIB$$e5e6f41d] is not eligible for getting processed by all BeanPostProcessors (for example: not eligible for auto-proxying)
2021-07-08 00:44:55,050:INFO restartedMain (PostProcessorRegistrationDelegate.java:335) - Bean 'mybatis-plus-com.baomidou.mybatisplus.autoconfigure.MybatisPlusProperties' of type [com.baomidou.mybatisplus.autoconfigure.MybatisPlusProperties] is not eligible for getting processed by all BeanPostProcessors (for example: not eligible for auto-proxying)
2021-07-08 00:44:55,055:INFO restartedMain (PostProcessorRegistrationDelegate.java:335) - Bean 'druidConfig' of type [com.aron.vpythontech.config.DruidConfig$$EnhancerBySpringCGLIB$$3a8d578e] is not eligible for getting processed by all BeanPostProcessors (for example: not eligible for auto-proxying)
2021-07-08 00:44:55,059:INFO restartedMain (PostProcessorRegistrationDelegate.java:335) - Bean 'paginationInterceptor' of type [com.baomidou.mybatisplus.extension.plugins.PaginationInterceptor] is not eligible for getting processed by all BeanPostProcessors (for example: not eligible for auto-proxying)
2021-07-08 00:44:55,061:INFO restartedMain (PostProcessorRegistrationDelegate.java:335) - Bean 'com.baomidou.mybatisplus.autoconfigure.MybatisPlusAutoConfiguration' of type [com.baomidou.mybatisplus.autoconfigure.MybatisPlusAutoConfiguration$$EnhancerBySpringCGLIB$$8a3cc094] is not eligible for getting processed by all BeanPostProcessors (for example: not eligible for auto-proxying)
2021-07-08 00:44:55,064:INFO restartedMain (PostProcessorRegistrationDelegate.java:335) - Bean 'dataSource' of type [com.alibaba.druid.pool.DruidDataSource] is not eligible for getting processed by all BeanPostProcessors (for example: not eligible for auto-proxying)
2021-07-08 00:44:59,371:INFO restartedMain (Log4j2Impl.java:106) - {dataSource-2} inited
2021-07-08 00:44:59,382:INFO restartedMain (PostProcessorRegistrationDelegate.java:335) - Bean 'sqlSessionFactory' of type [org.apache.ibatis.session.defaults.DefaultSqlSessionFactory] is not eligible for getting processed by all BeanPostProcessors (for example: not eligible for auto-proxying)
2021-07-08 00:44:59,386:INFO restartedMain (PostProcessorRegistrationDelegate.java:335) - Bean 'sqlSessionTemplate' of type [org.mybatis.spring.SqlSessionTemplate] is not eligible for getting processed by all BeanPostProcessors (for example: not eligible for auto-proxying)
2021-07-08 00:44:59,386:INFO restartedMain (PostProcessorRegistrationDelegate.java:335) - Bean 'systemUserDao' of type [org.mybatis.spring.mapper.MapperFactoryBean] is not eligible for getting processed by all BeanPostProcessors (for example: not eligible for auto-proxying)
2021-07-08 00:44:59,388:INFO restartedMain (PostProcessorRegistrationDelegate.java:335) - Bean 'systemUserDao' of type [com.sun.proxy.$Proxy97] is not eligible for getting processed by all BeanPostProcessors (for example: not eligible for auto-proxying)
2021-07-08 00:44:59,389:INFO restartedMain (PostProcessorRegistrationDelegate.java:335) - Bean 'systemUserService' of type [com.aron.vpythontech.service.systemUser.SystemUserService] is not eligible for getting processed by all BeanPostProcessors (for example: not eligible for auto-proxying)
2021-07-08 00:44:59,390:INFO restartedMain (PostProcessorRegistrationDelegate.java:335) - Bean 'quesBankRealm' of type [com.aron.vpythontech.shiro.realm.QuesBankRealm] is not eligible for getting processed by all BeanPostProcessors (for example: not eligible for auto-proxying)
2021-07-08 00:44:59,393:INFO restartedMain (PostProcessorRegistrationDelegate.java:335) - Bean 'securityManager' of type [org.apache.shiro.web.mgt.DefaultWebSecurityManager] is not eligible for getting processed by all BeanPostProcessors (for example: not eligible for auto-proxying)
2021-07-08 00:44:59,399:INFO restartedMain (PostProcessorRegistrationDelegate.java:335) - Bean 'authorizationAttributeSourceAdvisor' of type [org.apache.shiro.spring.security.interceptor.AuthorizationAttributeSourceAdvisor] is not eligible for getting processed by all BeanPostProcessors (for example: not eligible for auto-proxying)
2021-07-08 00:44:59,700:INFO restartedMain (TomcatWebServer.java:108) - Tomcat initialized with port(s): 8077 (http)
2021-07-08 00:44:59,701:INFO restartedMain (DirectJDKLog.java:173) - Initializing ProtocolHandler ["http-nio-8077"]
2021-07-08 00:44:59,701:INFO restartedMain (DirectJDKLog.java:173) - Starting service [Tomcat]
2021-07-08 00:44:59,701:INFO restartedMain (DirectJDKLog.java:173) - Starting Servlet engine: [Apache Tomcat/9.0.37]
2021-07-08 00:44:59,735:INFO restartedMain (DirectJDKLog.java:173) - Initializing Spring embedded WebApplicationContext
2021-07-08 00:44:59,736:INFO restartedMain (ServletWebServerApplicationContext.java:285) - Root WebApplicationContext: initialization completed in 5128 ms
2021-07-08 00:44:59,798:INFO restartedMain (ExecutorConfigurationSupport.java:181) - Initializing ExecutorService 'applicationTaskExecutor'
2021-07-08 00:44:59,820:INFO task-1 (LogHelper.java:31) - HHH000204: Processing PersistenceUnitInfo [name: default]
2021-07-08 00:44:59,826:INFO task-1 (Dialect.java:172) - HHH000400: Using dialect: org.hibernate.dialect.MySQL57Dialect
2021-07-08 00:44:59,837:INFO task-1 (JtaPlatformInitiator.java:52) - HHH000490: Using JtaPlatform implementation: [org.hibernate.engine.transaction.jta.platform.internal.NoJtaPlatform]
2021-07-08 00:44:59,837:INFO task-1 (AbstractEntityManagerFactoryBean.java:416) - Initialized JPA EntityManagerFactory for persistence unit 'default'
2021-07-08 00:44:59,931:WARN restartedMain (JpaBaseConfiguration.java:220) - spring.jpa.open-in-view is enabled by default. Therefore, database queries may be performed during view rendering. Explicitly configure spring.jpa.open-in-view to disable this warning
2021-07-08 00:45:00,746:INFO restartedMain (OptionalLiveReloadServer.java:58) - LiveReload server is running on port 35729
2021-07-08 00:45:00,764:INFO restartedMain (DirectJDKLog.java:173) - Starting ProtocolHandler ["http-nio-8077"]
2021-07-08 00:45:00,769:INFO restartedMain (TomcatWebServer.java:220) - Tomcat started on port(s): 8077 (http) with context path '/vpythonTech'
2021-07-08 00:45:00,770:INFO restartedMain (DeferredRepositoryInitializationListener.java:49) - Triggering deferred initialization of Spring Data repositories…
2021-07-08 00:45:00,770:INFO restartedMain (DeferredRepositoryInitializationListener.java:53) - Spring Data repositories initialized!
2021-07-08 00:45:00,776:INFO restartedMain (StartupInfoLogger.java:61) - Started VpythontechApplication in 6.319 seconds (JVM running for 55.232)
2021-07-08 00:45:00,778:INFO restartedMain (ConditionEvaluationDeltaLoggingListener.java:63) - Condition evaluation unchanged
2021-07-08 00:45:00,779:INFO restartedMain (VpythontechApplication.java:16) - [~~~乾杯~~梦想已在路上~~ (^_^)／★＼(^_^) ~~道路已在脚下~~乾杯~~~]
2021-07-08 00:45:09,789:INFO Thread-30 (AbstractEntityManagerFactoryBean.java:598) - Closing JPA EntityManagerFactory for persistence unit 'default'
2021-07-08 00:45:09,790:INFO Thread-30 (ExecutorConfigurationSupport.java:218) - Shutting down ExecutorService 'applicationTaskExecutor'
2021-07-08 00:45:09,797:INFO Thread-30 (Log4j2Impl.java:106) - {dataSource-2} closed
2021-07-08 00:45:10,199:INFO restartedMain (StartupInfoLogger.java:55) - Starting VpythontechApplication on ARON-OMG-HEIHEI with PID 18004 (D:\Idea\workspace\vpythontech\target\classes started by aron in D:\Idea\workspace\vpythontech)
2021-07-08 00:45:10,201:INFO restartedMain (SpringApplication.java:655) - The following profiles are active: constants
2021-07-08 00:45:10,432:INFO restartedMain (RepositoryConfigurationDelegate.java:127) - Bootstrapping Spring Data JPA repositories in DEFERRED mode.
2021-07-08 00:45:10,443:INFO restartedMain (RepositoryConfigurationDelegate.java:187) - Finished Spring Data repository scanning in 10ms. Found 0 JPA repository interfaces.
2021-07-08 00:45:10,496:INFO restartedMain (PostProcessorRegistrationDelegate.java:335) - Bean 'shiroConfig' of type [com.aron.vpythontech.config.ShiroConfig$$EnhancerBySpringCGLIB$$e5e6f41d] is not eligible for getting processed by all BeanPostProcessors (for example: not eligible for auto-proxying)
2021-07-08 00:45:10,512:INFO restartedMain (PostProcessorRegistrationDelegate.java:335) - Bean 'mybatis-plus-com.baomidou.mybatisplus.autoconfigure.MybatisPlusProperties' of type [com.baomidou.mybatisplus.autoconfigure.MybatisPlusProperties] is not eligible for getting processed by all BeanPostProcessors (for example: not eligible for auto-proxying)
2021-07-08 00:45:10,517:INFO restartedMain (PostProcessorRegistrationDelegate.java:335) - Bean 'druidConfig' of type [com.aron.vpythontech.config.DruidConfig$$EnhancerBySpringCGLIB$$3a8d578e] is not eligible for getting processed by all BeanPostProcessors (for example: not eligible for auto-proxying)
2021-07-08 00:45:10,520:INFO restartedMain (PostProcessorRegistrationDelegate.java:335) - Bean 'paginationInterceptor' of type [com.baomidou.mybatisplus.extension.plugins.PaginationInterceptor] is not eligible for getting processed by all BeanPostProcessors (for example: not eligible for auto-proxying)
2021-07-08 00:45:10,522:INFO restartedMain (PostProcessorRegistrationDelegate.java:335) - Bean 'com.baomidou.mybatisplus.autoconfigure.MybatisPlusAutoConfiguration' of type [com.baomidou.mybatisplus.autoconfigure.MybatisPlusAutoConfiguration$$EnhancerBySpringCGLIB$$8a3cc094] is not eligible for getting processed by all BeanPostProcessors (for example: not eligible for auto-proxying)
2021-07-08 00:45:10,525:INFO restartedMain (PostProcessorRegistrationDelegate.java:335) - Bean 'dataSource' of type [com.alibaba.druid.pool.DruidDataSource] is not eligible for getting processed by all BeanPostProcessors (for example: not eligible for auto-proxying)
2021-07-08 00:45:14,807:INFO restartedMain (Log4j2Impl.java:106) - {dataSource-3} inited
2021-07-08 00:45:14,814:INFO restartedMain (PostProcessorRegistrationDelegate.java:335) - Bean 'sqlSessionFactory' of type [org.apache.ibatis.session.defaults.DefaultSqlSessionFactory] is not eligible for getting processed by all BeanPostProcessors (for example: not eligible for auto-proxying)
2021-07-08 00:45:14,816:INFO restartedMain (PostProcessorRegistrationDelegate.java:335) - Bean 'sqlSessionTemplate' of type [org.mybatis.spring.SqlSessionTemplate] is not eligible for getting processed by all BeanPostProcessors (for example: not eligible for auto-proxying)
2021-07-08 00:45:14,816:INFO restartedMain (PostProcessorRegistrationDelegate.java:335) - Bean 'systemUserDao' of type [org.mybatis.spring.mapper.MapperFactoryBean] is not eligible for getting processed by all BeanPostProcessors (for example: not eligible for auto-proxying)
2021-07-08 00:45:14,817:INFO restartedMain (PostProcessorRegistrationDelegate.java:335) - Bean 'systemUserDao' of type [com.sun.proxy.$Proxy99] is not eligible for getting processed by all BeanPostProcessors (for example: not eligible for auto-proxying)
2021-07-08 00:45:14,818:INFO restartedMain (PostProcessorRegistrationDelegate.java:335) - Bean 'systemUserService' of type [com.aron.vpythontech.service.systemUser.SystemUserService] is not eligible for getting processed by all BeanPostProcessors (for example: not eligible for auto-proxying)
2021-07-08 00:45:14,818:INFO restartedMain (PostProcessorRegistrationDelegate.java:335) - Bean 'quesBankRealm' of type [com.aron.vpythontech.shiro.realm.QuesBankRealm] is not eligible for getting processed by all BeanPostProcessors (for example: not eligible for auto-proxying)
2021-07-08 00:45:14,819:INFO restartedMain (PostProcessorRegistrationDelegate.java:335) - Bean 'securityManager' of type [org.apache.shiro.web.mgt.DefaultWebSecurityManager] is not eligible for getting processed by all BeanPostProcessors (for example: not eligible for auto-proxying)
2021-07-08 00:45:14,827:INFO restartedMain (PostProcessorRegistrationDelegate.java:335) - Bean 'authorizationAttributeSourceAdvisor' of type [org.apache.shiro.spring.security.interceptor.AuthorizationAttributeSourceAdvisor] is not eligible for getting processed by all BeanPostProcessors (for example: not eligible for auto-proxying)
2021-07-08 00:45:14,987:INFO restartedMain (TomcatWebServer.java:108) - Tomcat initialized with port(s): 8077 (http)
2021-07-08 00:45:14,988:INFO restartedMain (DirectJDKLog.java:173) - Initializing ProtocolHandler ["http-nio-8077"]
2021-07-08 00:45:14,989:INFO restartedMain (DirectJDKLog.java:173) - Starting service [Tomcat]
2021-07-08 00:45:14,989:INFO restartedMain (DirectJDKLog.java:173) - Starting Servlet engine: [Apache Tomcat/9.0.37]
2021-07-08 00:45:15,019:INFO restartedMain (DirectJDKLog.java:173) - Initializing Spring embedded WebApplicationContext
2021-07-08 00:45:15,019:INFO restartedMain (ServletWebServerApplicationContext.java:285) - Root WebApplicationContext: initialization completed in 4814 ms
2021-07-08 00:45:15,074:INFO restartedMain (ExecutorConfigurationSupport.java:181) - Initializing ExecutorService 'applicationTaskExecutor'
2021-07-08 00:45:15,091:INFO task-1 (LogHelper.java:31) - HHH000204: Processing PersistenceUnitInfo [name: default]
2021-07-08 00:45:15,096:INFO task-1 (Dialect.java:172) - HHH000400: Using dialect: org.hibernate.dialect.MySQL57Dialect
2021-07-08 00:45:15,105:INFO task-1 (JtaPlatformInitiator.java:52) - HHH000490: Using JtaPlatform implementation: [org.hibernate.engine.transaction.jta.platform.internal.NoJtaPlatform]
2021-07-08 00:45:15,106:INFO task-1 (AbstractEntityManagerFactoryBean.java:416) - Initialized JPA EntityManagerFactory for persistence unit 'default'
2021-07-08 00:45:15,136:WARN restartedMain (JpaBaseConfiguration.java:220) - spring.jpa.open-in-view is enabled by default. Therefore, database queries may be performed during view rendering. Explicitly configure spring.jpa.open-in-view to disable this warning
2021-07-08 00:45:15,520:INFO restartedMain (OptionalLiveReloadServer.java:58) - LiveReload server is running on port 35729
2021-07-08 00:45:15,532:INFO restartedMain (DirectJDKLog.java:173) - Starting ProtocolHandler ["http-nio-8077"]
2021-07-08 00:45:15,536:INFO restartedMain (TomcatWebServer.java:220) - Tomcat started on port(s): 8077 (http) with context path '/vpythonTech'
2021-07-08 00:45:15,537:INFO restartedMain (DeferredRepositoryInitializationListener.java:49) - Triggering deferred initialization of Spring Data repositories…
2021-07-08 00:45:15,538:INFO restartedMain (DeferredRepositoryInitializationListener.java:53) - Spring Data repositories initialized!
2021-07-08 00:45:15,541:INFO restartedMain (StartupInfoLogger.java:61) - Started VpythontechApplication in 5.53 seconds (JVM running for 69.998)
2021-07-08 00:45:15,543:INFO restartedMain (ConditionEvaluationDeltaLoggingListener.java:63) - Condition evaluation unchanged
2021-07-08 00:45:15,544:INFO restartedMain (VpythontechApplication.java:16) - [~~~乾杯~~梦想已在路上~~ (^_^)／★＼(^_^) ~~道路已在脚下~~乾杯~~~]
2021-07-08 00:46:30,019:INFO http-nio-8077-exec-1 (DirectJDKLog.java:173) - Initializing Spring DispatcherServlet 'dispatcherServlet'
2021-07-08 00:46:30,020:INFO http-nio-8077-exec-1 (FrameworkServlet.java:525) - Initializing Servlet 'dispatcherServlet'
2021-07-08 00:46:30,025:INFO http-nio-8077-exec-1 (FrameworkServlet.java:547) - Completed initialization in 5 ms
2021-07-08 00:46:55,612:INFO restartedMain (StartupInfoLogger.java:55) - Starting VpythontechApplication on ARON-OMG-HEIHEI with PID 2656 (D:\Idea\workspace\vpythontech\target\classes started by aron in D:\Idea\workspace\vpythontech)
2021-07-08 00:46:55,622:INFO restartedMain (SpringApplication.java:655) - The following profiles are active: constants
2021-07-08 00:46:55,666:INFO restartedMain (DeferredLog.java:225) - Devtools property defaults active! Set 'spring.devtools.add-properties' to 'false' to disable
2021-07-08 00:46:55,666:INFO restartedMain (DeferredLog.java:225) - For additional web related logging consider setting the 'logging.level.web' property to 'DEBUG'
2021-07-08 00:46:56,317:INFO restartedMain (RepositoryConfigurationDelegate.java:127) - Bootstrapping Spring Data JPA repositories in DEFERRED mode.
2021-07-08 00:46:56,344:INFO restartedMain (RepositoryConfigurationDelegate.java:187) - Finished Spring Data repository scanning in 19ms. Found 0 JPA repository interfaces.
2021-07-08 00:46:56,583:INFO restartedMain (PostProcessorRegistrationDelegate.java:335) - Bean 'shiroConfig' of type [com.aron.vpythontech.config.ShiroConfig$$EnhancerBySpringCGLIB$$a4523819] is not eligible for getting processed by all BeanPostProcessors (for example: not eligible for auto-proxying)
2021-07-08 00:46:56,801:INFO restartedMain (PostProcessorRegistrationDelegate.java:335) - Bean 'mybatis-plus-com.baomidou.mybatisplus.autoconfigure.MybatisPlusProperties' of type [com.baomidou.mybatisplus.autoconfigure.MybatisPlusProperties] is not eligible for getting processed by all BeanPostProcessors (for example: not eligible for auto-proxying)
2021-07-08 00:46:56,814:INFO restartedMain (PostProcessorRegistrationDelegate.java:335) - Bean 'druidConfig' of type [com.aron.vpythontech.config.DruidConfig$$EnhancerBySpringCGLIB$$f8f89b8a] is not eligible for getting processed by all BeanPostProcessors (for example: not eligible for auto-proxying)
2021-07-08 00:46:56,825:INFO restartedMain (PostProcessorRegistrationDelegate.java:335) - Bean 'paginationInterceptor' of type [com.baomidou.mybatisplus.extension.plugins.PaginationInterceptor] is not eligible for getting processed by all BeanPostProcessors (for example: not eligible for auto-proxying)
2021-07-08 00:46:56,833:INFO restartedMain (PostProcessorRegistrationDelegate.java:335) - Bean 'com.baomidou.mybatisplus.autoconfigure.MybatisPlusAutoConfiguration' of type [com.baomidou.mybatisplus.autoconfigure.MybatisPlusAutoConfiguration$$EnhancerBySpringCGLIB$$48a80490] is not eligible for getting processed by all BeanPostProcessors (for example: not eligible for auto-proxying)
2021-07-08 00:46:56,879:INFO restartedMain (PostProcessorRegistrationDelegate.java:335) - Bean 'dataSource' of type [com.alibaba.druid.pool.DruidDataSource] is not eligible for getting processed by all BeanPostProcessors (for example: not eligible for auto-proxying)
2021-07-08 00:47:01,310:INFO restartedMain (Log4j2Impl.java:106) - {dataSource-1} inited
2021-07-08 00:47:01,355:INFO restartedMain (PostProcessorRegistrationDelegate.java:335) - Bean 'sqlSessionFactory' of type [org.apache.ibatis.session.defaults.DefaultSqlSessionFactory] is not eligible for getting processed by all BeanPostProcessors (for example: not eligible for auto-proxying)
2021-07-08 00:47:01,358:INFO restartedMain (PostProcessorRegistrationDelegate.java:335) - Bean 'sqlSessionTemplate' of type [org.mybatis.spring.SqlSessionTemplate] is not eligible for getting processed by all BeanPostProcessors (for example: not eligible for auto-proxying)
2021-07-08 00:47:01,360:INFO restartedMain (PostProcessorRegistrationDelegate.java:335) - Bean 'systemUserDao' of type [org.mybatis.spring.mapper.MapperFactoryBean] is not eligible for getting processed by all BeanPostProcessors (for example: not eligible for auto-proxying)
2021-07-08 00:47:01,363:INFO restartedMain (PostProcessorRegistrationDelegate.java:335) - Bean 'systemUserDao' of type [com.sun.proxy.$Proxy67] is not eligible for getting processed by all BeanPostProcessors (for example: not eligible for auto-proxying)
2021-07-08 00:47:01,364:INFO restartedMain (PostProcessorRegistrationDelegate.java:335) - Bean 'systemUserService' of type [com.aron.vpythontech.service.systemUser.SystemUserService] is not eligible for getting processed by all BeanPostProcessors (for example: not eligible for auto-proxying)
2021-07-08 00:47:01,364:INFO restartedMain (PostProcessorRegistrationDelegate.java:335) - Bean 'quesBankRealm' of type [com.aron.vpythontech.shiro.realm.QuesBankRealm] is not eligible for getting processed by all BeanPostProcessors (for example: not eligible for auto-proxying)
2021-07-08 00:47:01,368:INFO restartedMain (PostProcessorRegistrationDelegate.java:335) - Bean 'securityManager' of type [org.apache.shiro.web.mgt.DefaultWebSecurityManager] is not eligible for getting processed by all BeanPostProcessors (for example: not eligible for auto-proxying)
2021-07-08 00:47:01,406:INFO restartedMain (PostProcessorRegistrationDelegate.java:335) - Bean 'authorizationAttributeSourceAdvisor' of type [org.apache.shiro.spring.security.interceptor.AuthorizationAttributeSourceAdvisor] is not eligible for getting processed by all BeanPostProcessors (for example: not eligible for auto-proxying)
2021-07-08 00:47:01,853:INFO restartedMain (TomcatWebServer.java:108) - Tomcat initialized with port(s): 8077 (http)
2021-07-08 00:47:01,862:INFO restartedMain (DirectJDKLog.java:173) - Initializing ProtocolHandler ["http-nio-8077"]
2021-07-08 00:47:01,863:INFO restartedMain (DirectJDKLog.java:173) - Starting service [Tomcat]
2021-07-08 00:47:01,863:INFO restartedMain (DirectJDKLog.java:173) - Starting Servlet engine: [Apache Tomcat/9.0.37]
2021-07-08 00:47:02,068:INFO restartedMain (DirectJDKLog.java:173) - Initializing Spring embedded WebApplicationContext
2021-07-08 00:47:02,068:INFO restartedMain (ServletWebServerApplicationContext.java:285) - Root WebApplicationContext: initialization completed in 6402 ms
2021-07-08 00:47:02,227:INFO restartedMain (ExecutorConfigurationSupport.java:181) - Initializing ExecutorService 'applicationTaskExecutor'
2021-07-08 00:47:02,292:INFO task-1 (LogHelper.java:31) - HHH000204: Processing PersistenceUnitInfo [name: default]
2021-07-08 00:47:02,355:INFO task-1 (Version.java:44) - HHH000412: Hibernate ORM core version 5.4.18.Final
2021-07-08 00:47:02,357:WARN restartedMain (JpaBaseConfiguration.java:220) - spring.jpa.open-in-view is enabled by default. Therefore, database queries may be performed during view rendering. Explicitly configure spring.jpa.open-in-view to disable this warning
2021-07-08 00:47:02,578:INFO task-1 (JavaReflectionManager.java:49) - HCANN000001: Hibernate Commons Annotations {5.1.0.Final}
2021-07-08 00:47:02,735:INFO task-1 (Dialect.java:172) - HHH000400: Using dialect: org.hibernate.dialect.MySQL57Dialect
2021-07-08 00:47:02,950:INFO task-1 (JtaPlatformInitiator.java:52) - HHH000490: Using JtaPlatform implementation: [org.hibernate.engine.transaction.jta.platform.internal.NoJtaPlatform]
2021-07-08 00:47:02,962:INFO task-1 (AbstractEntityManagerFactoryBean.java:416) - Initialized JPA EntityManagerFactory for persistence unit 'default'
2021-07-08 00:47:03,076:INFO restartedMain (OptionalLiveReloadServer.java:58) - LiveReload server is running on port 35729
2021-07-08 00:47:03,101:INFO restartedMain (DirectJDKLog.java:173) - Starting ProtocolHandler ["http-nio-8077"]
2021-07-08 00:47:03,128:INFO restartedMain (TomcatWebServer.java:220) - Tomcat started on port(s): 8077 (http) with context path '/vpythonTech'
2021-07-08 00:47:03,130:INFO restartedMain (DeferredRepositoryInitializationListener.java:49) - Triggering deferred initialization of Spring Data repositories…
2021-07-08 00:47:03,130:INFO restartedMain (DeferredRepositoryInitializationListener.java:53) - Spring Data repositories initialized!
2021-07-08 00:47:03,139:INFO restartedMain (StartupInfoLogger.java:61) - Started VpythontechApplication in 7.972 seconds (JVM running for 11.646)
2021-07-08 00:47:03,142:INFO restartedMain (VpythontechApplication.java:16) - [~~~乾杯~~梦想已在路上~~ (^_^)／★＼(^_^) ~~道路已在脚下~~乾杯~~~]
2021-07-08 00:47:04,923:INFO http-nio-8077-exec-1 (DirectJDKLog.java:173) - Initializing Spring DispatcherServlet 'dispatcherServlet'
2021-07-08 00:47:04,924:INFO http-nio-8077-exec-1 (FrameworkServlet.java:525) - Initializing Servlet 'dispatcherServlet'
2021-07-08 00:47:04,934:INFO http-nio-8077-exec-1 (FrameworkServlet.java:547) - Completed initialization in 9 ms
2021-07-08 00:48:18,482:INFO restartedMain (StartupInfoLogger.java:55) - Starting VpythontechApplication on ARON-OMG-HEIHEI with PID 18376 (D:\Idea\workspace\vpythontech\target\classes started by aron in D:\Idea\workspace\vpythontech)
2021-07-08 00:48:18,490:INFO restartedMain (SpringApplication.java:655) - The following profiles are active: constants
2021-07-08 00:48:18,531:INFO restartedMain (DeferredLog.java:225) - Devtools property defaults active! Set 'spring.devtools.add-properties' to 'false' to disable
2021-07-08 00:48:18,531:INFO restartedMain (DeferredLog.java:225) - For additional web related logging consider setting the 'logging.level.web' property to 'DEBUG'
2021-07-08 00:48:19,283:INFO restartedMain (RepositoryConfigurationDelegate.java:127) - Bootstrapping Spring Data JPA repositories in DEFERRED mode.
2021-07-08 00:48:19,310:INFO restartedMain (RepositoryConfigurationDelegate.java:187) - Finished Spring Data repository scanning in 17ms. Found 0 JPA repository interfaces.
2021-07-08 00:48:19,561:INFO restartedMain (PostProcessorRegistrationDelegate.java:335) - Bean 'shiroConfig' of type [com.aron.vpythontech.config.ShiroConfig$$EnhancerBySpringCGLIB$$4a0ad382] is not eligible for getting processed by all BeanPostProcessors (for example: not eligible for auto-proxying)
2021-07-08 00:48:19,820:INFO restartedMain (PostProcessorRegistrationDelegate.java:335) - Bean 'mybatis-plus-com.baomidou.mybatisplus.autoconfigure.MybatisPlusProperties' of type [com.baomidou.mybatisplus.autoconfigure.MybatisPlusProperties] is not eligible for getting processed by all BeanPostProcessors (for example: not eligible for auto-proxying)
2021-07-08 00:48:19,831:INFO restartedMain (PostProcessorRegistrationDelegate.java:335) - Bean 'druidConfig' of type [com.aron.vpythontech.config.DruidConfig$$EnhancerBySpringCGLIB$$9eb136f3] is not eligible for getting processed by all BeanPostProcessors (for example: not eligible for auto-proxying)
2021-07-08 00:48:19,841:INFO restartedMain (PostProcessorRegistrationDelegate.java:335) - Bean 'paginationInterceptor' of type [com.baomidou.mybatisplus.extension.plugins.PaginationInterceptor] is not eligible for getting processed by all BeanPostProcessors (for example: not eligible for auto-proxying)
2021-07-08 00:48:19,850:INFO restartedMain (PostProcessorRegistrationDelegate.java:335) - Bean 'com.baomidou.mybatisplus.autoconfigure.MybatisPlusAutoConfiguration' of type [com.baomidou.mybatisplus.autoconfigure.MybatisPlusAutoConfiguration$$EnhancerBySpringCGLIB$$ee609ff9] is not eligible for getting processed by all BeanPostProcessors (for example: not eligible for auto-proxying)
2021-07-08 00:48:19,915:INFO restartedMain (PostProcessorRegistrationDelegate.java:335) - Bean 'dataSource' of type [com.alibaba.druid.pool.DruidDataSource] is not eligible for getting processed by all BeanPostProcessors (for example: not eligible for auto-proxying)
2021-07-08 00:48:24,418:INFO restartedMain (Log4j2Impl.java:106) - {dataSource-1} inited
2021-07-08 00:48:24,463:INFO restartedMain (PostProcessorRegistrationDelegate.java:335) - Bean 'sqlSessionFactory' of type [org.apache.ibatis.session.defaults.DefaultSqlSessionFactory] is not eligible for getting processed by all BeanPostProcessors (for example: not eligible for auto-proxying)
2021-07-08 00:48:24,467:INFO restartedMain (PostProcessorRegistrationDelegate.java:335) - Bean 'sqlSessionTemplate' of type [org.mybatis.spring.SqlSessionTemplate] is not eligible for getting processed by all BeanPostProcessors (for example: not eligible for auto-proxying)
2021-07-08 00:48:24,468:INFO restartedMain (PostProcessorRegistrationDelegate.java:335) - Bean 'systemUserDao' of type [org.mybatis.spring.mapper.MapperFactoryBean] is not eligible for getting processed by all BeanPostProcessors (for example: not eligible for auto-proxying)
2021-07-08 00:48:24,469:INFO restartedMain (PostProcessorRegistrationDelegate.java:335) - Bean 'systemUserDao' of type [com.sun.proxy.$Proxy67] is not eligible for getting processed by all BeanPostProcessors (for example: not eligible for auto-proxying)
2021-07-08 00:48:24,470:INFO restartedMain (PostProcessorRegistrationDelegate.java:335) - Bean 'systemUserService' of type [com.aron.vpythontech.service.systemUser.SystemUserService] is not eligible for getting processed by all BeanPostProcessors (for example: not eligible for auto-proxying)
2021-07-08 00:48:24,471:INFO restartedMain (PostProcessorRegistrationDelegate.java:335) - Bean 'quesBankRealm' of type [com.aron.vpythontech.shiro.realm.QuesBankRealm] is not eligible for getting processed by all BeanPostProcessors (for example: not eligible for auto-proxying)
2021-07-08 00:48:24,475:INFO restartedMain (PostProcessorRegistrationDelegate.java:335) - Bean 'securityManager' of type [org.apache.shiro.web.mgt.DefaultWebSecurityManager] is not eligible for getting processed by all BeanPostProcessors (for example: not eligible for auto-proxying)
2021-07-08 00:48:24,510:INFO restartedMain (PostProcessorRegistrationDelegate.java:335) - Bean 'authorizationAttributeSourceAdvisor' of type [org.apache.shiro.spring.security.interceptor.AuthorizationAttributeSourceAdvisor] is not eligible for getting processed by all BeanPostProcessors (for example: not eligible for auto-proxying)
2021-07-08 00:48:24,920:INFO restartedMain (TomcatWebServer.java:108) - Tomcat initialized with port(s): 8077 (http)
2021-07-08 00:48:24,932:INFO restartedMain (DirectJDKLog.java:173) - Initializing ProtocolHandler ["http-nio-8077"]
2021-07-08 00:48:24,932:INFO restartedMain (DirectJDKLog.java:173) - Starting service [Tomcat]
2021-07-08 00:48:24,933:INFO restartedMain (DirectJDKLog.java:173) - Starting Servlet engine: [Apache Tomcat/9.0.37]
2021-07-08 00:48:25,129:INFO restartedMain (DirectJDKLog.java:173) - Initializing Spring embedded WebApplicationContext
2021-07-08 00:48:25,129:INFO restartedMain (ServletWebServerApplicationContext.java:285) - Root WebApplicationContext: initialization completed in 6597 ms
2021-07-08 00:48:25,274:INFO restartedMain (ExecutorConfigurationSupport.java:181) - Initializing ExecutorService 'applicationTaskExecutor'
2021-07-08 00:48:25,334:INFO task-1 (LogHelper.java:31) - HHH000204: Processing PersistenceUnitInfo [name: default]
2021-07-08 00:48:25,397:INFO task-1 (Version.java:44) - HHH000412: Hibernate ORM core version 5.4.18.Final
2021-07-08 00:48:25,401:WARN restartedMain (JpaBaseConfiguration.java:220) - spring.jpa.open-in-view is enabled by default. Therefore, database queries may be performed during view rendering. Explicitly configure spring.jpa.open-in-view to disable this warning
2021-07-08 00:48:25,600:INFO task-1 (JavaReflectionManager.java:49) - HCANN000001: Hibernate Commons Annotations {5.1.0.Final}
2021-07-08 00:48:25,742:INFO task-1 (Dialect.java:172) - HHH000400: Using dialect: org.hibernate.dialect.MySQL57Dialect
2021-07-08 00:48:25,951:INFO task-1 (JtaPlatformInitiator.java:52) - HHH000490: Using JtaPlatform implementation: [org.hibernate.engine.transaction.jta.platform.internal.NoJtaPlatform]
2021-07-08 00:48:25,962:INFO task-1 (AbstractEntityManagerFactoryBean.java:416) - Initialized JPA EntityManagerFactory for persistence unit 'default'
2021-07-08 00:48:26,075:INFO restartedMain (OptionalLiveReloadServer.java:58) - LiveReload server is running on port 35729
2021-07-08 00:48:26,118:INFO restartedMain (DirectJDKLog.java:173) - Starting ProtocolHandler ["http-nio-8077"]
2021-07-08 00:48:26,148:INFO restartedMain (TomcatWebServer.java:220) - Tomcat started on port(s): 8077 (http) with context path '/vpythonTech'
2021-07-08 00:48:26,150:INFO restartedMain (DeferredRepositoryInitializationListener.java:49) - Triggering deferred initialization of Spring Data repositories…
2021-07-08 00:48:26,150:INFO restartedMain (DeferredRepositoryInitializationListener.java:53) - Spring Data repositories initialized!
2021-07-08 00:48:26,161:INFO restartedMain (StartupInfoLogger.java:61) - Started VpythontechApplication in 8.139 seconds (JVM running for 11.897)
2021-07-08 00:48:26,164:INFO restartedMain (VpythontechApplication.java:16) - [~~~乾杯~~梦想已在路上~~ (^_^)／★＼(^_^) ~~道路已在脚下~~乾杯~~~]
2021-07-08 00:48:38,349:INFO http-nio-8077-exec-1 (DirectJDKLog.java:173) - Initializing Spring DispatcherServlet 'dispatcherServlet'
2021-07-08 00:48:38,349:INFO http-nio-8077-exec-1 (FrameworkServlet.java:525) - Initializing Servlet 'dispatcherServlet'
2021-07-08 00:48:38,358:INFO http-nio-8077-exec-1 (FrameworkServlet.java:547) - Completed initialization in 9 ms
2021-07-08 00:49:13,432:INFO restartedMain (StartupInfoLogger.java:55) - Starting VpythontechApplication on ARON-OMG-HEIHEI with PID 21892 (D:\Idea\workspace\vpythontech\target\classes started by aron in D:\Idea\workspace\vpythontech)
2021-07-08 00:49:13,443:INFO restartedMain (SpringApplication.java:655) - The following profiles are active: constants
2021-07-08 00:49:13,492:INFO restartedMain (DeferredLog.java:225) - Devtools property defaults active! Set 'spring.devtools.add-properties' to 'false' to disable
2021-07-08 00:49:13,492:INFO restartedMain (DeferredLog.java:225) - For additional web related logging consider setting the 'logging.level.web' property to 'DEBUG'
2021-07-08 00:49:14,165:INFO restartedMain (RepositoryConfigurationDelegate.java:127) - Bootstrapping Spring Data JPA repositories in DEFERRED mode.
2021-07-08 00:49:14,195:INFO restartedMain (RepositoryConfigurationDelegate.java:187) - Finished Spring Data repository scanning in 21ms. Found 0 JPA repository interfaces.
2021-07-08 00:49:14,461:INFO restartedMain (PostProcessorRegistrationDelegate.java:335) - Bean 'shiroConfig' of type [com.aron.vpythontech.config.ShiroConfig$$EnhancerBySpringCGLIB$$fbcbe69d] is not eligible for getting processed by all BeanPostProcessors (for example: not eligible for auto-proxying)
2021-07-08 00:49:14,696:INFO restartedMain (PostProcessorRegistrationDelegate.java:335) - Bean 'mybatis-plus-com.baomidou.mybatisplus.autoconfigure.MybatisPlusProperties' of type [com.baomidou.mybatisplus.autoconfigure.MybatisPlusProperties] is not eligible for getting processed by all BeanPostProcessors (for example: not eligible for auto-proxying)
2021-07-08 00:49:14,706:INFO restartedMain (PostProcessorRegistrationDelegate.java:335) - Bean 'druidConfig' of type [com.aron.vpythontech.config.DruidConfig$$EnhancerBySpringCGLIB$$50724a0e] is not eligible for getting processed by all BeanPostProcessors (for example: not eligible for auto-proxying)
2021-07-08 00:49:14,716:INFO restartedMain (PostProcessorRegistrationDelegate.java:335) - Bean 'paginationInterceptor' of type [com.baomidou.mybatisplus.extension.plugins.PaginationInterceptor] is not eligible for getting processed by all BeanPostProcessors (for example: not eligible for auto-proxying)
2021-07-08 00:49:14,723:INFO restartedMain (PostProcessorRegistrationDelegate.java:335) - Bean 'com.baomidou.mybatisplus.autoconfigure.MybatisPlusAutoConfiguration' of type [com.baomidou.mybatisplus.autoconfigure.MybatisPlusAutoConfiguration$$EnhancerBySpringCGLIB$$a021b314] is not eligible for getting processed by all BeanPostProcessors (for example: not eligible for auto-proxying)
2021-07-08 00:49:14,768:INFO restartedMain (PostProcessorRegistrationDelegate.java:335) - Bean 'dataSource' of type [com.alibaba.druid.pool.DruidDataSource] is not eligible for getting processed by all BeanPostProcessors (for example: not eligible for auto-proxying)
2021-07-08 00:49:19,262:INFO restartedMain (Log4j2Impl.java:106) - {dataSource-1} inited
2021-07-08 00:49:19,308:INFO restartedMain (PostProcessorRegistrationDelegate.java:335) - Bean 'sqlSessionFactory' of type [org.apache.ibatis.session.defaults.DefaultSqlSessionFactory] is not eligible for getting processed by all BeanPostProcessors (for example: not eligible for auto-proxying)
2021-07-08 00:49:19,313:INFO restartedMain (PostProcessorRegistrationDelegate.java:335) - Bean 'sqlSessionTemplate' of type [org.mybatis.spring.SqlSessionTemplate] is not eligible for getting processed by all BeanPostProcessors (for example: not eligible for auto-proxying)
2021-07-08 00:49:19,315:INFO restartedMain (PostProcessorRegistrationDelegate.java:335) - Bean 'systemUserDao' of type [org.mybatis.spring.mapper.MapperFactoryBean] is not eligible for getting processed by all BeanPostProcessors (for example: not eligible for auto-proxying)
2021-07-08 00:49:19,316:INFO restartedMain (PostProcessorRegistrationDelegate.java:335) - Bean 'systemUserDao' of type [com.sun.proxy.$Proxy67] is not eligible for getting processed by all BeanPostProcessors (for example: not eligible for auto-proxying)
2021-07-08 00:49:19,318:INFO restartedMain (PostProcessorRegistrationDelegate.java:335) - Bean 'systemUserService' of type [com.aron.vpythontech.service.systemUser.SystemUserService] is not eligible for getting processed by all BeanPostProcessors (for example: not eligible for auto-proxying)
2021-07-08 00:49:19,318:INFO restartedMain (PostProcessorRegistrationDelegate.java:335) - Bean 'quesBankRealm' of type [com.aron.vpythontech.shiro.realm.QuesBankRealm] is not eligible for getting processed by all BeanPostProcessors (for example: not eligible for auto-proxying)
2021-07-08 00:49:19,322:INFO restartedMain (PostProcessorRegistrationDelegate.java:335) - Bean 'securityManager' of type [org.apache.shiro.web.mgt.DefaultWebSecurityManager] is not eligible for getting processed by all BeanPostProcessors (for example: not eligible for auto-proxying)
2021-07-08 00:49:19,370:INFO restartedMain (PostProcessorRegistrationDelegate.java:335) - Bean 'authorizationAttributeSourceAdvisor' of type [org.apache.shiro.spring.security.interceptor.AuthorizationAttributeSourceAdvisor] is not eligible for getting processed by all BeanPostProcessors (for example: not eligible for auto-proxying)
2021-07-08 00:49:19,779:INFO restartedMain (TomcatWebServer.java:108) - Tomcat initialized with port(s): 8077 (http)
2021-07-08 00:49:19,788:INFO restartedMain (DirectJDKLog.java:173) - Initializing ProtocolHandler ["http-nio-8077"]
2021-07-08 00:49:19,789:INFO restartedMain (DirectJDKLog.java:173) - Starting service [Tomcat]
2021-07-08 00:49:19,789:INFO restartedMain (DirectJDKLog.java:173) - Starting Servlet engine: [Apache Tomcat/9.0.37]
2021-07-08 00:49:19,990:INFO restartedMain (DirectJDKLog.java:173) - Initializing Spring embedded WebApplicationContext
2021-07-08 00:49:19,990:INFO restartedMain (ServletWebServerApplicationContext.java:285) - Root WebApplicationContext: initialization completed in 6497 ms
2021-07-08 00:49:20,170:INFO restartedMain (ExecutorConfigurationSupport.java:181) - Initializing ExecutorService 'applicationTaskExecutor'
2021-07-08 00:49:20,251:INFO task-1 (LogHelper.java:31) - HHH000204: Processing PersistenceUnitInfo [name: default]
2021-07-08 00:49:20,318:INFO task-1 (Version.java:44) - HHH000412: Hibernate ORM core version 5.4.18.Final
2021-07-08 00:49:20,324:WARN restartedMain (JpaBaseConfiguration.java:220) - spring.jpa.open-in-view is enabled by default. Therefore, database queries may be performed during view rendering. Explicitly configure spring.jpa.open-in-view to disable this warning
2021-07-08 00:49:20,504:INFO task-1 (JavaReflectionManager.java:49) - HCANN000001: Hibernate Commons Annotations {5.1.0.Final}
2021-07-08 00:49:20,642:INFO task-1 (Dialect.java:172) - HHH000400: Using dialect: org.hibernate.dialect.MySQL57Dialect
2021-07-08 00:49:20,840:INFO task-1 (JtaPlatformInitiator.java:52) - HHH000490: Using JtaPlatform implementation: [org.hibernate.engine.transaction.jta.platform.internal.NoJtaPlatform]
2021-07-08 00:49:20,850:INFO task-1 (AbstractEntityManagerFactoryBean.java:416) - Initialized JPA EntityManagerFactory for persistence unit 'default'
2021-07-08 00:49:20,961:INFO restartedMain (OptionalLiveReloadServer.java:58) - LiveReload server is running on port 35729
2021-07-08 00:49:20,980:INFO restartedMain (DirectJDKLog.java:173) - Starting ProtocolHandler ["http-nio-8077"]
2021-07-08 00:49:21,011:INFO restartedMain (TomcatWebServer.java:220) - Tomcat started on port(s): 8077 (http) with context path '/vpythonTech'
2021-07-08 00:49:21,013:INFO restartedMain (DeferredRepositoryInitializationListener.java:49) - Triggering deferred initialization of Spring Data repositories…
2021-07-08 00:49:21,014:INFO restartedMain (DeferredRepositoryInitializationListener.java:53) - Spring Data repositories initialized!
2021-07-08 00:49:21,026:INFO restartedMain (StartupInfoLogger.java:61) - Started VpythontechApplication in 8.079 seconds (JVM running for 12.37)
2021-07-08 00:49:21,030:INFO restartedMain (VpythontechApplication.java:16) - [~~~乾杯~~梦想已在路上~~ (^_^)／★＼(^_^) ~~道路已在脚下~~乾杯~~~]
2021-07-08 00:49:21,073:INFO http-nio-8077-exec-1 (DirectJDKLog.java:173) - Initializing Spring DispatcherServlet 'dispatcherServlet'
2021-07-08 00:49:21,074:INFO http-nio-8077-exec-1 (FrameworkServlet.java:525) - Initializing Servlet 'dispatcherServlet'
2021-07-08 00:49:21,084:INFO http-nio-8077-exec-1 (FrameworkServlet.java:547) - Completed initialization in 9 ms
2021-07-08 00:50:01,152:INFO restartedMain (StartupInfoLogger.java:55) - Starting VpythontechApplication on ARON-OMG-HEIHEI with PID 4232 (D:\Idea\workspace\vpythontech\target\classes started by aron in D:\Idea\workspace\vpythontech)
2021-07-08 00:50:01,162:INFO restartedMain (SpringApplication.java:655) - The following profiles are active: constants
2021-07-08 00:50:01,203:INFO restartedMain (DeferredLog.java:225) - Devtools property defaults active! Set 'spring.devtools.add-properties' to 'false' to disable
2021-07-08 00:50:01,204:INFO restartedMain (DeferredLog.java:225) - For additional web related logging consider setting the 'logging.level.web' property to 'DEBUG'
2021-07-08 00:50:01,953:INFO restartedMain (RepositoryConfigurationDelegate.java:127) - Bootstrapping Spring Data JPA repositories in DEFERRED mode.
2021-07-08 00:50:01,983:INFO restartedMain (RepositoryConfigurationDelegate.java:187) - Finished Spring Data repository scanning in 21ms. Found 0 JPA repository interfaces.
2021-07-08 00:50:02,208:INFO restartedMain (PostProcessorRegistrationDelegate.java:335) - Bean 'shiroConfig' of type [com.aron.vpythontech.config.ShiroConfig$$EnhancerBySpringCGLIB$$a906b6f4] is not eligible for getting processed by all BeanPostProcessors (for example: not eligible for auto-proxying)
2021-07-08 00:50:02,441:INFO restartedMain (PostProcessorRegistrationDelegate.java:335) - Bean 'mybatis-plus-com.baomidou.mybatisplus.autoconfigure.MybatisPlusProperties' of type [com.baomidou.mybatisplus.autoconfigure.MybatisPlusProperties] is not eligible for getting processed by all BeanPostProcessors (for example: not eligible for auto-proxying)
2021-07-08 00:50:02,449:INFO restartedMain (PostProcessorRegistrationDelegate.java:335) - Bean 'druidConfig' of type [com.aron.vpythontech.config.DruidConfig$$EnhancerBySpringCGLIB$$fdad1a65] is not eligible for getting processed by all BeanPostProcessors (for example: not eligible for auto-proxying)
2021-07-08 00:50:02,459:INFO restartedMain (PostProcessorRegistrationDelegate.java:335) - Bean 'paginationInterceptor' of type [com.baomidou.mybatisplus.extension.plugins.PaginationInterceptor] is not eligible for getting processed by all BeanPostProcessors (for example: not eligible for auto-proxying)
2021-07-08 00:50:02,467:INFO restartedMain (PostProcessorRegistrationDelegate.java:335) - Bean 'com.baomidou.mybatisplus.autoconfigure.MybatisPlusAutoConfiguration' of type [com.baomidou.mybatisplus.autoconfigure.MybatisPlusAutoConfiguration$$EnhancerBySpringCGLIB$$4d5c836b] is not eligible for getting processed by all BeanPostProcessors (for example: not eligible for auto-proxying)
2021-07-08 00:50:02,541:INFO restartedMain (PostProcessorRegistrationDelegate.java:335) - Bean 'dataSource' of type [com.alibaba.druid.pool.DruidDataSource] is not eligible for getting processed by all BeanPostProcessors (for example: not eligible for auto-proxying)
2021-07-08 00:50:08,545:INFO restartedMain (Log4j2Impl.java:106) - {dataSource-1} inited
2021-07-08 00:50:08,609:INFO restartedMain (PostProcessorRegistrationDelegate.java:335) - Bean 'sqlSessionFactory' of type [org.apache.ibatis.session.defaults.DefaultSqlSessionFactory] is not eligible for getting processed by all BeanPostProcessors (for example: not eligible for auto-proxying)
2021-07-08 00:50:08,613:INFO restartedMain (PostProcessorRegistrationDelegate.java:335) - Bean 'sqlSessionTemplate' of type [org.mybatis.spring.SqlSessionTemplate] is not eligible for getting processed by all BeanPostProcessors (for example: not eligible for auto-proxying)
2021-07-08 00:50:08,614:INFO restartedMain (PostProcessorRegistrationDelegate.java:335) - Bean 'systemUserDao' of type [org.mybatis.spring.mapper.MapperFactoryBean] is not eligible for getting processed by all BeanPostProcessors (for example: not eligible for auto-proxying)
2021-07-08 00:50:08,615:INFO restartedMain (PostProcessorRegistrationDelegate.java:335) - Bean 'systemUserDao' of type [com.sun.proxy.$Proxy67] is not eligible for getting processed by all BeanPostProcessors (for example: not eligible for auto-proxying)
2021-07-08 00:50:08,617:INFO restartedMain (PostProcessorRegistrationDelegate.java:335) - Bean 'systemUserService' of type [com.aron.vpythontech.service.systemUser.SystemUserService] is not eligible for getting processed by all BeanPostProcessors (for example: not eligible for auto-proxying)
2021-07-08 00:50:08,618:INFO restartedMain (PostProcessorRegistrationDelegate.java:335) - Bean 'quesBankRealm' of type [com.aron.vpythontech.shiro.realm.QuesBankRealm] is not eligible for getting processed by all BeanPostProcessors (for example: not eligible for auto-proxying)
2021-07-08 00:50:08,623:INFO restartedMain (PostProcessorRegistrationDelegate.java:335) - Bean 'securityManager' of type [org.apache.shiro.web.mgt.DefaultWebSecurityManager] is not eligible for getting processed by all BeanPostProcessors (for example: not eligible for auto-proxying)
2021-07-08 00:50:08,676:INFO restartedMain (PostProcessorRegistrationDelegate.java:335) - Bean 'authorizationAttributeSourceAdvisor' of type [org.apache.shiro.spring.security.interceptor.AuthorizationAttributeSourceAdvisor] is not eligible for getting processed by all BeanPostProcessors (for example: not eligible for auto-proxying)
2021-07-08 00:50:09,139:INFO restartedMain (TomcatWebServer.java:108) - Tomcat initialized with port(s): 8077 (http)
2021-07-08 00:50:09,153:INFO restartedMain (DirectJDKLog.java:173) - Initializing ProtocolHandler ["http-nio-8077"]
2021-07-08 00:50:09,153:INFO restartedMain (DirectJDKLog.java:173) - Starting service [Tomcat]
2021-07-08 00:50:09,154:INFO restartedMain (DirectJDKLog.java:173) - Starting Servlet engine: [Apache Tomcat/9.0.37]
2021-07-08 00:50:09,406:INFO restartedMain (DirectJDKLog.java:173) - Initializing Spring embedded WebApplicationContext
2021-07-08 00:50:09,406:INFO restartedMain (ServletWebServerApplicationContext.java:285) - Root WebApplicationContext: initialization completed in 8202 ms
2021-07-08 00:50:09,583:INFO restartedMain (ExecutorConfigurationSupport.java:181) - Initializing ExecutorService 'applicationTaskExecutor'
2021-07-08 00:50:09,660:INFO task-1 (LogHelper.java:31) - HHH000204: Processing PersistenceUnitInfo [name: default]
2021-07-08 00:50:09,741:INFO task-1 (Version.java:44) - HHH000412: Hibernate ORM core version 5.4.18.Final
2021-07-08 00:50:09,755:WARN restartedMain (JpaBaseConfiguration.java:220) - spring.jpa.open-in-view is enabled by default. Therefore, database queries may be performed during view rendering. Explicitly configure spring.jpa.open-in-view to disable this warning
2021-07-08 00:50:10,011:INFO task-1 (JavaReflectionManager.java:49) - HCANN000001: Hibernate Commons Annotations {5.1.0.Final}
2021-07-08 00:50:10,172:INFO task-1 (Dialect.java:172) - HHH000400: Using dialect: org.hibernate.dialect.MySQL57Dialect
2021-07-08 00:50:10,400:INFO task-1 (JtaPlatformInitiator.java:52) - HHH000490: Using JtaPlatform implementation: [org.hibernate.engine.transaction.jta.platform.internal.NoJtaPlatform]
2021-07-08 00:50:10,414:INFO task-1 (AbstractEntityManagerFactoryBean.java:416) - Initialized JPA EntityManagerFactory for persistence unit 'default'
2021-07-08 00:50:10,534:INFO restartedMain (OptionalLiveReloadServer.java:58) - LiveReload server is running on port 35729
2021-07-08 00:50:10,559:INFO restartedMain (DirectJDKLog.java:173) - Starting ProtocolHandler ["http-nio-8077"]
2021-07-08 00:50:10,595:INFO restartedMain (TomcatWebServer.java:220) - Tomcat started on port(s): 8077 (http) with context path '/vpythonTech'
2021-07-08 00:50:10,598:INFO restartedMain (DeferredRepositoryInitializationListener.java:49) - Triggering deferred initialization of Spring Data repositories…
2021-07-08 00:50:10,599:INFO restartedMain (DeferredRepositoryInitializationListener.java:53) - Spring Data repositories initialized!
2021-07-08 00:50:10,614:INFO restartedMain (StartupInfoLogger.java:61) - Started VpythontechApplication in 9.928 seconds (JVM running for 14.475)
2021-07-08 00:50:10,619:INFO restartedMain (VpythontechApplication.java:16) - [~~~乾杯~~梦想已在路上~~ (^_^)／★＼(^_^) ~~道路已在脚下~~乾杯~~~]
2021-07-08 00:50:16,856:INFO http-nio-8077-exec-1 (DirectJDKLog.java:173) - Initializing Spring DispatcherServlet 'dispatcherServlet'
2021-07-08 00:50:16,856:INFO http-nio-8077-exec-1 (FrameworkServlet.java:525) - Initializing Servlet 'dispatcherServlet'
2021-07-08 00:50:16,864:INFO http-nio-8077-exec-1 (FrameworkServlet.java:547) - Completed initialization in 8 ms
2021-07-08 00:50:39,864:INFO restartedMain (StartupInfoLogger.java:55) - Starting VpythontechApplication on ARON-OMG-HEIHEI with PID 13176 (D:\Idea\workspace\vpythontech\target\classes started by aron in D:\Idea\workspace\vpythontech)
2021-07-08 00:50:39,877:INFO restartedMain (SpringApplication.java:655) - The following profiles are active: constants
2021-07-08 00:50:39,922:INFO restartedMain (DeferredLog.java:225) - Devtools property defaults active! Set 'spring.devtools.add-properties' to 'false' to disable
2021-07-08 00:50:39,922:INFO restartedMain (DeferredLog.java:225) - For additional web related logging consider setting the 'logging.level.web' property to 'DEBUG'
2021-07-08 00:50:40,656:INFO restartedMain (RepositoryConfigurationDelegate.java:127) - Bootstrapping Spring Data JPA repositories in DEFERRED mode.
2021-07-08 00:50:40,682:INFO restartedMain (RepositoryConfigurationDelegate.java:187) - Finished Spring Data repository scanning in 17ms. Found 0 JPA repository interfaces.
2021-07-08 00:50:40,916:INFO restartedMain (PostProcessorRegistrationDelegate.java:335) - Bean 'shiroConfig' of type [com.aron.vpythontech.config.ShiroConfig$$EnhancerBySpringCGLIB$$cb0d8e12] is not eligible for getting processed by all BeanPostProcessors (for example: not eligible for auto-proxying)
2021-07-08 00:50:41,199:INFO restartedMain (PostProcessorRegistrationDelegate.java:335) - Bean 'mybatis-plus-com.baomidou.mybatisplus.autoconfigure.MybatisPlusProperties' of type [com.baomidou.mybatisplus.autoconfigure.MybatisPlusProperties] is not eligible for getting processed by all BeanPostProcessors (for example: not eligible for auto-proxying)
2021-07-08 00:50:41,215:INFO restartedMain (PostProcessorRegistrationDelegate.java:335) - Bean 'druidConfig' of type [com.aron.vpythontech.config.DruidConfig$$EnhancerBySpringCGLIB$$1fb3f183] is not eligible for getting processed by all BeanPostProcessors (for example: not eligible for auto-proxying)
2021-07-08 00:50:41,225:INFO restartedMain (PostProcessorRegistrationDelegate.java:335) - Bean 'paginationInterceptor' of type [com.baomidou.mybatisplus.extension.plugins.PaginationInterceptor] is not eligible for getting processed by all BeanPostProcessors (for example: not eligible for auto-proxying)
2021-07-08 00:50:41,235:INFO restartedMain (PostProcessorRegistrationDelegate.java:335) - Bean 'com.baomidou.mybatisplus.autoconfigure.MybatisPlusAutoConfiguration' of type [com.baomidou.mybatisplus.autoconfigure.MybatisPlusAutoConfiguration$$EnhancerBySpringCGLIB$$6f635a89] is not eligible for getting processed by all BeanPostProcessors (for example: not eligible for auto-proxying)
2021-07-08 00:50:41,299:INFO restartedMain (PostProcessorRegistrationDelegate.java:335) - Bean 'dataSource' of type [com.alibaba.druid.pool.DruidDataSource] is not eligible for getting processed by all BeanPostProcessors (for example: not eligible for auto-proxying)
2021-07-08 00:50:45,758:INFO restartedMain (Log4j2Impl.java:106) - {dataSource-1} inited
2021-07-08 00:50:45,808:INFO restartedMain (PostProcessorRegistrationDelegate.java:335) - Bean 'sqlSessionFactory' of type [org.apache.ibatis.session.defaults.DefaultSqlSessionFactory] is not eligible for getting processed by all BeanPostProcessors (for example: not eligible for auto-proxying)
2021-07-08 00:50:45,814:INFO restartedMain (PostProcessorRegistrationDelegate.java:335) - Bean 'sqlSessionTemplate' of type [org.mybatis.spring.SqlSessionTemplate] is not eligible for getting processed by all BeanPostProcessors (for example: not eligible for auto-proxying)
2021-07-08 00:50:45,815:INFO restartedMain (PostProcessorRegistrationDelegate.java:335) - Bean 'systemUserDao' of type [org.mybatis.spring.mapper.MapperFactoryBean] is not eligible for getting processed by all BeanPostProcessors (for example: not eligible for auto-proxying)
2021-07-08 00:50:45,818:INFO restartedMain (PostProcessorRegistrationDelegate.java:335) - Bean 'systemUserDao' of type [com.sun.proxy.$Proxy67] is not eligible for getting processed by all BeanPostProcessors (for example: not eligible for auto-proxying)
2021-07-08 00:50:45,819:INFO restartedMain (PostProcessorRegistrationDelegate.java:335) - Bean 'systemUserService' of type [com.aron.vpythontech.service.systemUser.SystemUserService] is not eligible for getting processed by all BeanPostProcessors (for example: not eligible for auto-proxying)
2021-07-08 00:50:45,819:INFO restartedMain (PostProcessorRegistrationDelegate.java:335) - Bean 'quesBankRealm' of type [com.aron.vpythontech.shiro.realm.QuesBankRealm] is not eligible for getting processed by all BeanPostProcessors (for example: not eligible for auto-proxying)
2021-07-08 00:50:45,823:INFO restartedMain (PostProcessorRegistrationDelegate.java:335) - Bean 'securityManager' of type [org.apache.shiro.web.mgt.DefaultWebSecurityManager] is not eligible for getting processed by all BeanPostProcessors (for example: not eligible for auto-proxying)
2021-07-08 00:50:45,862:INFO restartedMain (PostProcessorRegistrationDelegate.java:335) - Bean 'authorizationAttributeSourceAdvisor' of type [org.apache.shiro.spring.security.interceptor.AuthorizationAttributeSourceAdvisor] is not eligible for getting processed by all BeanPostProcessors (for example: not eligible for auto-proxying)
2021-07-08 00:50:46,316:INFO restartedMain (TomcatWebServer.java:108) - Tomcat initialized with port(s): 8077 (http)
2021-07-08 00:50:46,331:INFO restartedMain (DirectJDKLog.java:173) - Initializing ProtocolHandler ["http-nio-8077"]
2021-07-08 00:50:46,331:INFO restartedMain (DirectJDKLog.java:173) - Starting service [Tomcat]
2021-07-08 00:50:46,332:INFO restartedMain (DirectJDKLog.java:173) - Starting Servlet engine: [Apache Tomcat/9.0.37]
2021-07-08 00:50:46,508:INFO restartedMain (DirectJDKLog.java:173) - Initializing Spring embedded WebApplicationContext
2021-07-08 00:50:46,508:INFO restartedMain (ServletWebServerApplicationContext.java:285) - Root WebApplicationContext: initialization completed in 6586 ms
2021-07-08 00:50:46,678:INFO restartedMain (ExecutorConfigurationSupport.java:181) - Initializing ExecutorService 'applicationTaskExecutor'
2021-07-08 00:50:46,756:INFO task-1 (LogHelper.java:31) - HHH000204: Processing PersistenceUnitInfo [name: default]
2021-07-08 00:50:46,835:INFO task-1 (Version.java:44) - HHH000412: Hibernate ORM core version 5.4.18.Final
2021-07-08 00:50:46,838:WARN restartedMain (JpaBaseConfiguration.java:220) - spring.jpa.open-in-view is enabled by default. Therefore, database queries may be performed during view rendering. Explicitly configure spring.jpa.open-in-view to disable this warning
2021-07-08 00:50:47,080:INFO task-1 (JavaReflectionManager.java:49) - HCANN000001: Hibernate Commons Annotations {5.1.0.Final}
2021-07-08 00:50:47,214:INFO task-1 (Dialect.java:172) - HHH000400: Using dialect: org.hibernate.dialect.MySQL57Dialect
2021-07-08 00:50:47,413:INFO task-1 (JtaPlatformInitiator.java:52) - HHH000490: Using JtaPlatform implementation: [org.hibernate.engine.transaction.jta.platform.internal.NoJtaPlatform]
2021-07-08 00:50:47,424:INFO task-1 (AbstractEntityManagerFactoryBean.java:416) - Initialized JPA EntityManagerFactory for persistence unit 'default'
2021-07-08 00:50:47,527:INFO restartedMain (OptionalLiveReloadServer.java:58) - LiveReload server is running on port 35729
2021-07-08 00:50:47,549:INFO restartedMain (DirectJDKLog.java:173) - Starting ProtocolHandler ["http-nio-8077"]
2021-07-08 00:50:47,580:INFO restartedMain (TomcatWebServer.java:220) - Tomcat started on port(s): 8077 (http) with context path '/vpythonTech'
2021-07-08 00:50:47,582:INFO restartedMain (DeferredRepositoryInitializationListener.java:49) - Triggering deferred initialization of Spring Data repositories…
2021-07-08 00:50:47,582:INFO restartedMain (DeferredRepositoryInitializationListener.java:53) - Spring Data repositories initialized!
2021-07-08 00:50:47,595:INFO restartedMain (StartupInfoLogger.java:61) - Started VpythontechApplication in 8.213 seconds (JVM running for 12.592)
2021-07-08 00:50:47,599:INFO restartedMain (VpythontechApplication.java:16) - [~~~乾杯~~梦想已在路上~~ (^_^)／★＼(^_^) ~~道路已在脚下~~乾杯~~~]
2021-07-08 00:51:27,953:INFO http-nio-8077-exec-1 (DirectJDKLog.java:173) - Initializing Spring DispatcherServlet 'dispatcherServlet'
2021-07-08 00:51:27,954:INFO http-nio-8077-exec-1 (FrameworkServlet.java:525) - Initializing Servlet 'dispatcherServlet'
2021-07-08 00:51:27,962:INFO http-nio-8077-exec-1 (FrameworkServlet.java:547) - Completed initialization in 8 ms
